<?xml version="1.0" encoding="UTF-8"?>
<!-- Generated by org.testng.reporters.JUnitReportReporter -->
<testsuite skipped="0" hostname="NB-BH-U3-5536" name="com.example.TestRunner" tests="1" failures="0" timestamp="2021-07-27T12:04:02 EEST" time="7.604" errors="0">
  <testcase name="runScenario" time="7.604" classname="com.example.TestRunner"/>
  <system-out/>
</testsuite> <!-- com.example.TestRunner -->
